<?xml version="1.0" encoding="UTF-8"?>
<!-- Generated by org.testng.reporters.JUnitXMLReporter -->
<testsuite hostname="Sai" ignored="0" name="Default test" tests="4" failures="0" timestamp="2020-05-15T22:59:14 IST" time="54.797" errors="0">
  <testcase name="signup" time="14.016" classname="demo4.TestNew1"/>
  <testcase name="doLogin" time="2.579" classname="demo4.TestNew1"/>
  <testcase name="TestCart" time="8.968" classname="demo4.TestNew1"/>
  <testcase name="payment" time="11.02" classname="demo4.TestNew1"/>
</testsuite> <!-- Default test -->
